<?xml version="1.0" encoding="UTF-8"?>
<!-- Generated by org.testng.reporters.JUnitReportReporter -->
<testsuite hostname="Maharana-Pratap" failures="0" tests="1" name="NewTest.STTproject.CA3" time="28.249" errors="0" timestamp="2024-10-22T15:17:44 IST" skipped="0">
  <testcase classname="NewTest.STTproject.CA3" name="f" time="28.249"/>
  <system-out/>
</testsuite> <!-- NewTest.STTproject.CA3 -->
