<?xml version="1.0" encoding="UTF-8"?>
<!-- Generated by org.testng.reporters.JUnitReportReporter -->
<testsuite hostname="Maharana-Pratap" failures="0" tests="1" name="NewTest.STTproject.ExcelTestNG" time="31.220" errors="0" timestamp="2024-10-22T15:07:54 IST" skipped="0">
  <testcase classname="NewTest.STTproject.ExcelTestNG" name="f" time="31.220"/>
  <system-out/>
</testsuite> <!-- NewTest.STTproject.ExcelTestNG -->
